<?xml version="1.0" encoding="UTF-8"?>
<!-- Generated by org.testng.reporters.JUnitXMLReporter -->
<testsuite hostname="DESKTOP-M2G5583" failures="0" tests="11" name="Test" time="54.014" errors="0" timestamp="4 Jun 2020 08:35:19 GMT">
  <testcase classname="test_scripts.TestAnnotationDemo1" name="m1" time="3.296"/>
  <testcase classname="test_scripts.TestAnnotationDemo3" name="m1" time="0.001"/>
  <testcase classname="test_scripts.TestAnnotationDemo" name="m5" time="8.752"/>
  <testcase classname="test_scripts.GroupDemo" name="m1" time="0.002"/>
  <testcase classname="test_scripts.GroupDemo" name="m2" time="0.001"/>
  <testcase classname="test_scripts.GroupDemo" name="m3" time="0.001"/>
  <testcase classname="test_scripts.GroupDemo" name="m4" time="0.001"/>
  <testcase classname="test_scripts.GroupDemo" name="m5" time="0.001"/>
  <testcase classname="test_scripts.TestAnnotationDemo" name="m3" time="8.829"/>
  <testcase classname="test_scripts.TestAnnotationDemo" name="m1" time="9.727"/>
  <testcase classname="test_scripts.TestAnnotationDemo" name="m1" time="14.267"/>
</testsuite> <!-- Test -->
